<?xml version="1.0" encoding="UTF-8"?>
<testsuite name="GetSomeResponse" tests="2" skipped="0" failures="0" errors="0" timestamp="2019-08-09T10:02:00" hostname="L809390" time="1.238">
  <properties/>
  <testcase name="getListResource" classname="GetSomeResponse" time="0.786"/>
  <testcase name="getSingleUserStatus" classname="GetSomeResponse" time="0.451"/>
  <system-out><![CDATA[]]></system-out>
  <system-err><![CDATA[]]></system-err>
</testsuite>
